2015-08-04 17:05:54 - PHP Notice:  Undefined variable: entry_captcha in /Applications/MAMP/htdocs/nc_supplements/catalog/view/theme/cosmeticcubes/template/information/contact.tpl on line 123
2015-08-04 17:10:06 - PHP Notice:  Undefined variable: entry_captcha in /Applications/MAMP/htdocs/nc_supplements/catalog/view/theme/cosmeticcubes/template/information/contact.tpl on line 123
2015-08-04 17:10:38 - PHP Notice:  Undefined variable: entry_captcha in /Applications/MAMP/htdocs/nc_supplements/catalog/view/theme/cosmeticcubes/template/information/contact.tpl on line 123
2015-08-04 17:15:46 - PHP Notice:  Undefined variable: entry_captcha in /Applications/MAMP/htdocs/nc_supplements/catalog/view/theme/cosmeticcubes/template/information/contact.tpl on line 123
2015-08-04 18:10:21 - PHP Notice:  Undefined variable: entry_captcha in /Applications/MAMP/htdocs/nc_supplements/catalog/view/theme/cosmeticcubes/template/product/product.tpl on line 467
2015-08-04 23:48:56 - PHP Notice:  Undefined variable: entry_captcha in /Applications/MAMP/htdocs/nc_supplements/catalog/view/theme/cosmeticcubes/template/product/product.tpl on line 467
2015-08-05 2:31:32 - PHP Notice:  Undefined variable: entry_captcha in /Applications/MAMP/htdocs/nc_supplements/catalog/view/theme/cosmeticcubes/template/product/product.tpl on line 467
2015-08-05 2:33:17 - PHP Notice:  Undefined variable: entry_captcha in /Applications/MAMP/htdocs/nc_supplements/catalog/view/theme/cosmeticcubes/template/product/product.tpl on line 467
2015-08-05 2:33:17 - PHP Notice:  Undefined variable: entry_captcha in /Applications/MAMP/htdocs/nc_supplements/catalog/view/theme/cosmeticcubes/template/product/product.tpl on line 467
2015-08-05 2:33:17 - PHP Notice:  Undefined variable: entry_captcha in /Applications/MAMP/htdocs/nc_supplements/catalog/view/theme/cosmeticcubes/template/product/product.tpl on line 467
2015-08-05 2:33:18 - PHP Notice:  Undefined variable: entry_captcha in /Applications/MAMP/htdocs/nc_supplements/catalog/view/theme/cosmeticcubes/template/product/product.tpl on line 467
2015-08-05 2:33:18 - PHP Notice:  Undefined variable: entry_captcha in /Applications/MAMP/htdocs/nc_supplements/catalog/view/theme/cosmeticcubes/template/product/product.tpl on line 467
2015-08-05 2:33:18 - PHP Notice:  Undefined variable: entry_captcha in /Applications/MAMP/htdocs/nc_supplements/catalog/view/theme/cosmeticcubes/template/product/product.tpl on line 467
2015-08-05 2:33:18 - PHP Notice:  Undefined variable: entry_captcha in /Applications/MAMP/htdocs/nc_supplements/catalog/view/theme/cosmeticcubes/template/product/product.tpl on line 467
2015-08-05 2:33:18 - PHP Notice:  Undefined variable: entry_captcha in /Applications/MAMP/htdocs/nc_supplements/catalog/view/theme/cosmeticcubes/template/product/product.tpl on line 467
2015-08-05 2:33:18 - PHP Notice:  Undefined variable: entry_captcha in /Applications/MAMP/htdocs/nc_supplements/catalog/view/theme/cosmeticcubes/template/product/product.tpl on line 467
2015-08-05 15:23:48 - PHP Notice:  Undefined variable: entry_captcha in /Applications/MAMP/htdocs/nc_supplements/catalog/view/theme/cosmeticcubes/template/information/contact.tpl on line 123
2015-08-05 15:24:54 - PHP Notice:  Undefined variable: entry_captcha in /Applications/MAMP/htdocs/nc_supplements/catalog/view/theme/cosmeticcubes/template/information/contact.tpl on line 123
2015-08-05 15:25:06 - PHP Notice:  Undefined variable: entry_captcha in /Applications/MAMP/htdocs/nc_supplements/catalog/view/theme/cosmeticcubes/template/information/contact.tpl on line 123
2015-08-05 15:30:37 - PHP Notice:  Undefined variable: entry_captcha in /Applications/MAMP/htdocs/nc_supplements/catalog/view/theme/cosmeticcubes/template/information/contact.tpl on line 123
2015-08-05 15:31:10 - PHP Notice:  Undefined variable: entry_captcha in /Applications/MAMP/htdocs/nc_supplements/catalog/view/theme/cosmeticcubes/template/information/contact.tpl on line 123
2015-08-05 15:31:22 - PHP Notice:  Undefined variable: entry_captcha in /Applications/MAMP/htdocs/nc_supplements/catalog/view/theme/cosmeticcubes/template/information/contact.tpl on line 123
2015-08-05 15:31:33 - PHP Notice:  Undefined variable: entry_captcha in /Applications/MAMP/htdocs/nc_supplements/catalog/view/theme/cosmeticcubes/template/information/contact.tpl on line 123
2015-08-05 15:31:49 - PHP Notice:  Undefined variable: entry_captcha in /Applications/MAMP/htdocs/nc_supplements/catalog/view/theme/cosmeticcubes/template/information/contact.tpl on line 123
2015-08-05 15:31:55 - PHP Notice:  Undefined variable: entry_captcha in /Applications/MAMP/htdocs/nc_supplements/catalog/view/theme/cosmeticcubes/template/information/contact.tpl on line 123
2015-08-05 15:33:55 - PHP Notice:  Undefined variable: entry_captcha in /Applications/MAMP/htdocs/nc_supplements/catalog/view/theme/cosmeticcubes/template/information/contact.tpl on line 123
2015-08-05 15:34:01 - PHP Notice:  Undefined variable: entry_captcha in /Applications/MAMP/htdocs/nc_supplements/catalog/view/theme/cosmeticcubes/template/information/contact.tpl on line 123
2015-08-05 15:44:15 - PHP Notice:  Undefined variable: entry_captcha in /Applications/MAMP/htdocs/nc_supplements/catalog/view/theme/cosmeticcubes/template/information/contact.tpl on line 123
2015-08-05 15:44:49 - PHP Notice:  Undefined variable: entry_captcha in /Applications/MAMP/htdocs/nc_supplements/catalog/view/theme/cosmeticcubes/template/information/contact.tpl on line 123
2015-08-06 23:16:37 - PHP Notice:  Undefined variable: entry_captcha in /Applications/MAMP/htdocs/nc_supplements/catalog/view/theme/cosmeticcubes/template/product/product.tpl on line 467
2015-08-06 23:26:21 - PHP Notice:  Undefined variable: entry_captcha in /Applications/MAMP/htdocs/nc_supplements/catalog/view/theme/cosmeticcubes/template/product/product.tpl on line 467
2015-08-06 23:26:28 - PHP Notice:  Undefined variable: entry_captcha in /Applications/MAMP/htdocs/nc_supplements/catalog/view/theme/cosmeticcubes/template/information/contact.tpl on line 123
2015-08-10 22:30:28 - PHP Notice:  Undefined variable: entry_captcha in /Applications/MAMP/htdocs/nc_supplements/catalog/view/theme/cosmeticcubes/template/product/product.tpl on line 467
2015-08-11 3:36:06 - PHP Notice:  Undefined variable: entry_captcha in /Applications/MAMP/htdocs/nc_supplements/catalog/view/theme/cosmeticcubes/template/information/contact.tpl on line 123
2015-08-11 3:42:55 - PHP Notice:  Undefined variable: entry_captcha in /Applications/MAMP/htdocs/nc_supplements/catalog/view/theme/cosmeticcubes/template/information/contact.tpl on line 123
2015-08-11 3:45:31 - PHP Notice:  Undefined variable: entry_captcha in /Applications/MAMP/htdocs/nc_supplements/catalog/view/theme/cosmeticcubes/template/information/contact.tpl on line 123
2015-08-11 3:48:01 - PHP Notice:  Undefined variable: entry_captcha in /Applications/MAMP/htdocs/nc_supplements/catalog/view/theme/cosmeticcubes/template/information/contact.tpl on line 123
2015-08-11 14:51:05 - PHP Notice:  Undefined variable: entry_captcha in /Applications/MAMP/htdocs/nc_supplements/catalog/view/theme/cosmeticcubes/template/product/product.tpl on line 467
2015-08-12 3:21:47 - PHP Notice:  Undefined variable: entry_captcha in /Applications/MAMP/htdocs/nc_supplements/catalog/view/theme/cosmeticcubes/template/product/product.tpl on line 467
2015-08-12 13:40:43 - PHP Notice:  Undefined variable: entry_captcha in /Applications/MAMP/htdocs/nc_supplements/catalog/view/theme/cosmeticcubes/template/product/product.tpl on line 467
2015-08-12 14:54:35 - PHP Notice:  Undefined variable: entry_captcha in /Applications/MAMP/htdocs/nc_supplements/catalog/view/theme/cosmeticcubes/template/product/product.tpl on line 467
2015-08-12 15:21:32 - PHP Notice:  Undefined variable: entry_captcha in /Applications/MAMP/htdocs/nc_supplements/catalog/view/theme/cosmeticcubes/template/product/product.tpl on line 467
2015-08-12 15:22:07 - PHP Notice:  Undefined variable: entry_captcha in /Applications/MAMP/htdocs/nc_supplements/catalog/view/theme/cosmeticcubes/template/product/product.tpl on line 467
2015-08-12 15:30:22 - PHP Notice:  Undefined variable: entry_captcha in /Applications/MAMP/htdocs/nc_supplements/catalog/view/theme/cosmeticcubes/template/information/contact.tpl on line 123
2015-08-12 15:33:07 - PHP Notice:  Undefined variable: entry_captcha in /Applications/MAMP/htdocs/nc_supplements/catalog/view/theme/cosmeticcubes/template/product/product.tpl on line 467
2015-08-12 15:34:55 - PHP Notice:  Undefined variable: entry_captcha in /Applications/MAMP/htdocs/nc_supplements/catalog/view/theme/cosmeticcubes/template/product/product.tpl on line 467
2015-08-12 15:35:06 - PHP Notice:  Undefined variable: entry_captcha in /Applications/MAMP/htdocs/nc_supplements/catalog/view/theme/cosmeticcubes/template/product/product.tpl on line 467
2015-08-12 15:35:53 - PHP Notice:  Undefined variable: entry_captcha in /Applications/MAMP/htdocs/nc_supplements/catalog/view/theme/cosmeticcubes/template/product/product.tpl on line 467
2015-08-12 15:37:05 - PHP Notice:  Undefined variable: entry_captcha in /Applications/MAMP/htdocs/nc_supplements/catalog/view/theme/cosmeticcubes/template/product/product.tpl on line 467
2015-08-12 15:37:26 - PHP Notice:  Undefined variable: entry_captcha in /Applications/MAMP/htdocs/nc_supplements/catalog/view/theme/cosmeticcubes/template/product/product.tpl on line 467
2015-08-12 15:37:43 - PHP Notice:  Undefined variable: entry_captcha in /Applications/MAMP/htdocs/nc_supplements/catalog/view/theme/cosmeticcubes/template/product/product.tpl on line 467
2015-08-12 15:48:35 - PHP Notice:  Undefined variable: entry_captcha in /Applications/MAMP/htdocs/nc_supplements/catalog/view/theme/cosmeticcubes/template/product/product.tpl on line 467
2015-08-12 15:48:43 - PHP Notice:  Undefined variable: entry_captcha in /Applications/MAMP/htdocs/nc_supplements/catalog/view/theme/cosmeticcubes/template/product/product.tpl on line 467
2015-08-12 15:49:11 - PHP Notice:  Undefined variable: entry_captcha in /Applications/MAMP/htdocs/nc_supplements/catalog/view/theme/cosmeticcubes/template/product/product.tpl on line 467
2015-08-12 15:49:35 - PHP Notice:  Undefined variable: entry_captcha in /Applications/MAMP/htdocs/nc_supplements/catalog/view/theme/cosmeticcubes/template/product/product.tpl on line 467
2015-08-12 15:50:11 - PHP Notice:  Undefined variable: entry_captcha in /Applications/MAMP/htdocs/nc_supplements/catalog/view/theme/cosmeticcubes/template/product/product.tpl on line 467
2015-08-12 15:52:38 - PHP Notice:  Undefined variable: entry_captcha in /Applications/MAMP/htdocs/nc_supplements/catalog/view/theme/cosmeticcubes/template/product/product.tpl on line 467
2015-08-12 15:53:06 - PHP Notice:  Undefined variable: entry_captcha in /Applications/MAMP/htdocs/nc_supplements/catalog/view/theme/cosmeticcubes/template/product/product.tpl on line 467
2015-08-12 15:53:15 - PHP Notice:  Undefined variable: entry_captcha in /Applications/MAMP/htdocs/nc_supplements/catalog/view/theme/cosmeticcubes/template/product/product.tpl on line 467
2015-08-12 15:53:29 - PHP Notice:  Undefined variable: entry_captcha in /Applications/MAMP/htdocs/nc_supplements/catalog/view/theme/cosmeticcubes/template/product/product.tpl on line 467
2015-08-12 15:54:21 - PHP Notice:  Undefined variable: entry_captcha in /Applications/MAMP/htdocs/nc_supplements/catalog/view/theme/cosmeticcubes/template/product/product.tpl on line 467
2015-08-12 15:54:30 - PHP Notice:  Undefined variable: text_payment_profile in /Applications/MAMP/htdocs/nc_supplements/catalog/view/theme/cosmeticcubes/template/common/cart.tpl on line 28
2015-08-12 15:54:30 - PHP Notice:  Undefined index: profile in /Applications/MAMP/htdocs/nc_supplements/catalog/view/theme/cosmeticcubes/template/common/cart.tpl on line 28
2015-08-12 15:54:31 - PHP Notice:  Undefined variable: text_payment_profile in /Applications/MAMP/htdocs/nc_supplements/catalog/view/theme/cosmeticcubes/template/common/cart.tpl on line 28
2015-08-12 15:54:31 - PHP Notice:  Undefined index: profile in /Applications/MAMP/htdocs/nc_supplements/catalog/view/theme/cosmeticcubes/template/common/cart.tpl on line 28
2015-08-12 15:56:52 - PHP Notice:  Undefined variable: text_payment_profile in /Applications/MAMP/htdocs/nc_supplements/catalog/view/theme/cosmeticcubes/template/common/cart.tpl on line 28
2015-08-12 15:56:52 - PHP Notice:  Undefined index: profile in /Applications/MAMP/htdocs/nc_supplements/catalog/view/theme/cosmeticcubes/template/common/cart.tpl on line 28
2015-08-12 15:56:57 - PHP Notice:  Undefined variable: text_payment_profile in /Applications/MAMP/htdocs/nc_supplements/catalog/view/theme/cosmeticcubes/template/common/cart.tpl on line 28
2015-08-12 15:56:57 - PHP Notice:  Undefined index: profile in /Applications/MAMP/htdocs/nc_supplements/catalog/view/theme/cosmeticcubes/template/common/cart.tpl on line 28
2015-08-12 16:07:55 - PHP Notice:  Undefined variable: text_payment_profile in /Applications/MAMP/htdocs/nc_supplements/catalog/view/theme/cosmeticcubes/template/common/cart.tpl on line 28
2015-08-12 16:07:55 - PHP Notice:  Undefined index: profile in /Applications/MAMP/htdocs/nc_supplements/catalog/view/theme/cosmeticcubes/template/common/cart.tpl on line 28
2015-08-12 16:11:00 - PHP Notice:  Undefined variable: text_payment_profile in /Applications/MAMP/htdocs/nc_supplements/catalog/view/theme/cosmeticcubes/template/common/cart.tpl on line 29
2015-08-12 16:11:00 - PHP Notice:  Undefined index: profile in /Applications/MAMP/htdocs/nc_supplements/catalog/view/theme/cosmeticcubes/template/common/cart.tpl on line 29
2015-08-12 16:11:21 - PHP Notice:  Undefined index: profile in /Applications/MAMP/htdocs/nc_supplements/catalog/view/theme/cosmeticcubes/template/common/cart.tpl on line 31
2015-08-12 16:11:56 - PHP Notice:  Undefined index: profile in /Applications/MAMP/htdocs/nc_supplements/catalog/view/theme/cosmeticcubes/template/common/cart.tpl on line 31
2015-08-12 16:12:06 - PHP Notice:  Undefined index: profile in /Applications/MAMP/htdocs/nc_supplements/catalog/view/theme/cosmeticcubes/template/common/cart.tpl on line 31
2015-08-12 16:12:19 - PHP Notice:  Undefined index: profile in /Applications/MAMP/htdocs/nc_supplements/catalog/view/theme/cosmeticcubes/template/common/cart.tpl on line 31
2015-08-12 16:14:21 - PHP Notice:  Undefined index: profile in /Applications/MAMP/htdocs/nc_supplements/catalog/view/theme/cosmeticcubes/template/common/cart.tpl on line 31
2015-08-12 16:20:07 - PHP Notice:  Undefined index: profile in /Applications/MAMP/htdocs/nc_supplements/catalog/view/theme/cosmeticcubes/template/common/cart.tpl on line 31
2015-08-12 16:20:07 - PHP Notice:  Undefined variable: entry_captcha in /Applications/MAMP/htdocs/nc_supplements/catalog/view/theme/cosmeticcubes/template/product/product.tpl on line 467
2015-08-12 16:21:35 - PHP Notice:  Undefined index: profile in /Applications/MAMP/htdocs/nc_supplements/catalog/view/theme/cosmeticcubes/template/common/cart.tpl on line 31
2015-08-12 16:21:35 - PHP Notice:  Undefined variable: entry_captcha in /Applications/MAMP/htdocs/nc_supplements/catalog/view/theme/cosmeticcubes/template/product/product.tpl on line 467
2015-08-12 16:22:06 - PHP Notice:  Undefined index: profile in /Applications/MAMP/htdocs/nc_supplements/catalog/view/theme/cosmeticcubes/template/common/cart.tpl on line 31
2015-08-12 16:22:06 - PHP Notice:  Undefined variable: entry_captcha in /Applications/MAMP/htdocs/nc_supplements/catalog/view/theme/cosmeticcubes/template/product/product.tpl on line 467
2015-08-12 16:42:52 - PHP Notice:  Undefined index: profile in /Applications/MAMP/htdocs/nc_supplements/catalog/view/theme/cosmeticcubes/template/common/cart.tpl on line 31
2015-08-12 16:42:52 - PHP Notice:  Undefined variable: entry_captcha in /Applications/MAMP/htdocs/nc_supplements/catalog/view/theme/cosmeticcubes/template/product/product.tpl on line 467
2015-08-12 16:42:56 - PHP Notice:  Undefined index: profile in /Applications/MAMP/htdocs/nc_supplements/catalog/view/theme/cosmeticcubes/template/common/cart.tpl on line 31
2015-08-12 16:42:56 - PHP Notice:  Undefined variable: entry_captcha in /Applications/MAMP/htdocs/nc_supplements/catalog/view/theme/cosmeticcubes/template/product/product.tpl on line 467
2015-08-12 16:51:18 - PHP Notice:  Undefined index: profile in /Applications/MAMP/htdocs/nc_supplements/catalog/view/theme/cosmeticcubes/template/common/cart.tpl on line 31
2015-08-12 16:51:30 - PHP Notice:  Undefined index: profile in /Applications/MAMP/htdocs/nc_supplements/catalog/view/theme/cosmeticcubes/template/common/cart.tpl on line 31
2015-08-12 16:51:33 - PHP Notice:  Undefined index: profile in /Applications/MAMP/htdocs/nc_supplements/catalog/view/theme/cosmeticcubes/template/common/cart.tpl on line 31
2015-08-12 16:51:39 - PHP Notice:  Undefined index: profile in /Applications/MAMP/htdocs/nc_supplements/catalog/view/theme/cosmeticcubes/template/common/cart.tpl on line 31
2015-08-12 16:51:41 - PHP Notice:  Undefined index: profile in /Applications/MAMP/htdocs/nc_supplements/catalog/view/theme/cosmeticcubes/template/common/cart.tpl on line 31
2015-08-12 17:03:36 - PHP Notice:  Undefined index: profile in /Applications/MAMP/htdocs/nc_supplements/catalog/view/theme/cosmeticcubes/template/common/cart.tpl on line 31
2015-08-12 17:03:36 - PHP Notice:  Undefined variable: entry_captcha in /Applications/MAMP/htdocs/nc_supplements/catalog/view/theme/cosmeticcubes/template/product/product.tpl on line 467
2015-08-12 17:04:28 - PHP Notice:  Undefined index: profile in /Applications/MAMP/htdocs/nc_supplements/catalog/view/theme/cosmeticcubes/template/common/cart.tpl on line 31
2015-08-12 17:04:28 - PHP Notice:  Undefined variable: entry_captcha in /Applications/MAMP/htdocs/nc_supplements/catalog/view/theme/cosmeticcubes/template/product/product.tpl on line 467
2015-08-12 17:13:33 - PHP Notice:  Undefined index: profile in /Applications/MAMP/htdocs/nc_supplements/catalog/view/theme/cosmeticcubes/template/common/cart.tpl on line 31
2015-08-12 17:13:33 - PHP Notice:  Undefined variable: entry_captcha in /Applications/MAMP/htdocs/nc_supplements/catalog/view/theme/cosmeticcubes/template/product/product.tpl on line 467
2015-08-12 17:14:40 - PHP Notice:  Undefined index: profile in /Applications/MAMP/htdocs/nc_supplements/catalog/view/theme/cosmeticcubes/template/common/cart.tpl on line 31
2015-08-12 17:14:40 - PHP Notice:  Undefined variable: entry_captcha in /Applications/MAMP/htdocs/nc_supplements/catalog/view/theme/cosmeticcubes/template/product/product.tpl on line 467
2015-08-12 17:14:50 - PHP Notice:  Undefined index: profile in /Applications/MAMP/htdocs/nc_supplements/catalog/view/theme/cosmeticcubes/template/common/cart.tpl on line 31
2015-08-12 17:14:50 - PHP Notice:  Undefined variable: entry_captcha in /Applications/MAMP/htdocs/nc_supplements/catalog/view/theme/cosmeticcubes/template/product/product.tpl on line 467
2015-08-12 17:15:01 - PHP Notice:  Undefined index: profile in /Applications/MAMP/htdocs/nc_supplements/catalog/view/theme/cosmeticcubes/template/common/cart.tpl on line 31
2015-08-12 17:15:03 - PHP Notice:  Undefined index: profile in /Applications/MAMP/htdocs/nc_supplements/catalog/view/theme/cosmeticcubes/template/common/cart.tpl on line 31
2015-08-12 17:15:14 - PHP Notice:  Undefined index: profile in /Applications/MAMP/htdocs/nc_supplements/catalog/view/theme/cosmeticcubes/template/common/cart.tpl on line 31
2015-08-12 17:17:56 - PHP Notice:  Undefined index: profile in /Applications/MAMP/htdocs/nc_supplements/catalog/view/theme/cosmeticcubes/template/common/cart.tpl on line 31
2015-08-12 17:20:35 - PHP Notice:  Undefined index: profile in /Applications/MAMP/htdocs/nc_supplements/catalog/view/theme/cosmeticcubes/template/common/cart.tpl on line 31
2015-08-12 17:21:05 - PHP Notice:  Undefined index: profile in /Applications/MAMP/htdocs/nc_supplements/catalog/view/theme/cosmeticcubes/template/common/cart.tpl on line 31
2015-08-12 17:21:35 - PHP Notice:  Undefined index: profile in /Applications/MAMP/htdocs/nc_supplements/catalog/view/theme/cosmeticcubes/template/common/cart.tpl on line 31
2015-08-12 17:21:42 - PHP Notice:  Undefined index: profile in /Applications/MAMP/htdocs/nc_supplements/catalog/view/theme/cosmeticcubes/template/common/cart.tpl on line 31
2015-08-12 18:16:47 - PHP Notice:  Undefined index: profile in /Applications/MAMP/htdocs/nc_supplements/catalog/view/theme/cosmeticcubes/template/common/cart.tpl on line 31
2015-08-12 19:57:45 - PHP Notice:  Undefined index: profile in /Applications/MAMP/htdocs/nc_supplements/catalog/view/theme/cosmeticcubes/template/common/cart.tpl on line 31
2015-08-12 19:57:48 - PHP Notice:  Undefined index: profile in /Applications/MAMP/htdocs/nc_supplements/catalog/view/theme/cosmeticcubes/template/common/cart.tpl on line 31
2015-08-12 20:02:29 - PHP Notice:  Undefined index: profile in /Applications/MAMP/htdocs/nc_supplements/catalog/view/theme/cosmeticcubes/template/common/cart.tpl on line 31
2015-08-12 20:02:40 - PHP Notice:  Undefined index: profile in /Applications/MAMP/htdocs/nc_supplements/catalog/view/theme/cosmeticcubes/template/common/cart.tpl on line 31
2015-08-12 20:02:40 - PHP Notice:  Undefined variable: entry_captcha in /Applications/MAMP/htdocs/nc_supplements/catalog/view/theme/cosmeticcubes/template/product/product.tpl on line 467
2015-08-12 20:02:48 - PHP Notice:  Undefined index: profile in /Applications/MAMP/htdocs/nc_supplements/catalog/view/theme/cosmeticcubes/template/common/cart.tpl on line 31
2015-08-12 20:02:50 - PHP Notice:  Undefined index: profile in /Applications/MAMP/htdocs/nc_supplements/catalog/view/theme/cosmeticcubes/template/common/cart.tpl on line 31
2015-08-12 20:03:00 - PHP Notice:  Undefined index: profile in /Applications/MAMP/htdocs/nc_supplements/catalog/view/theme/cosmeticcubes/template/common/cart.tpl on line 31
2015-08-12 21:52:24 - PHP Notice:  Undefined index: profile in /Applications/MAMP/htdocs/nc_supplements/catalog/view/theme/cosmeticcubes/template/common/cart.tpl on line 31
2015-08-12 21:52:57 - PHP Notice:  Undefined index: profile in /Applications/MAMP/htdocs/nc_supplements/catalog/view/theme/cosmeticcubes/template/common/cart.tpl on line 31
2015-08-12 21:53:33 - PHP Notice:  Undefined index: profile in /Applications/MAMP/htdocs/nc_supplements/catalog/view/theme/cosmeticcubes/template/common/cart.tpl on line 31
2015-08-12 21:53:59 - PHP Notice:  Undefined index: profile in /Applications/MAMP/htdocs/nc_supplements/catalog/view/theme/cosmeticcubes/template/common/cart.tpl on line 31
2015-08-12 21:54:41 - PHP Notice:  Undefined index: profile in /Applications/MAMP/htdocs/nc_supplements/catalog/view/theme/cosmeticcubes/template/common/cart.tpl on line 31
2015-08-12 21:55:36 - PHP Notice:  Undefined index: profile in /Applications/MAMP/htdocs/nc_supplements/catalog/view/theme/cosmeticcubes/template/common/cart.tpl on line 31
2015-08-12 21:55:38 - PHP Notice:  Undefined index: profile in /Applications/MAMP/htdocs/nc_supplements/catalog/view/theme/cosmeticcubes/template/common/cart.tpl on line 31
2015-08-12 21:55:39 - PHP Notice:  Undefined index: profile in /Applications/MAMP/htdocs/nc_supplements/catalog/view/theme/cosmeticcubes/template/common/cart.tpl on line 31
2015-08-12 21:55:40 - PHP Notice:  Undefined index: profile in /Applications/MAMP/htdocs/nc_supplements/catalog/view/theme/cosmeticcubes/template/common/cart.tpl on line 31
2015-08-12 21:55:44 - PHP Notice:  Undefined index: profile in /Applications/MAMP/htdocs/nc_supplements/catalog/view/theme/cosmeticcubes/template/common/cart.tpl on line 31
2015-08-12 21:55:44 - PHP Notice:  Undefined variable: entry_captcha in /Applications/MAMP/htdocs/nc_supplements/catalog/view/theme/cosmeticcubes/template/product/product.tpl on line 467
2015-08-12 21:55:51 - PHP Notice:  Undefined index: profile in /Applications/MAMP/htdocs/nc_supplements/catalog/view/theme/cosmeticcubes/template/common/cart.tpl on line 31
2015-08-12 21:56:04 - PHP Notice:  Undefined index: profile in /Applications/MAMP/htdocs/nc_supplements/catalog/view/theme/cosmeticcubes/template/common/cart.tpl on line 31
2015-08-12 21:56:07 - PHP Notice:  Undefined index: profile in /Applications/MAMP/htdocs/nc_supplements/catalog/view/theme/cosmeticcubes/template/common/cart.tpl on line 31
2015-08-12 21:56:36 - PHP Notice:  Undefined index: profile in /Applications/MAMP/htdocs/nc_supplements/catalog/view/theme/cosmeticcubes/template/common/cart.tpl on line 31
2015-08-12 21:56:36 - PHP Notice:  Undefined index: profile in /Applications/MAMP/htdocs/nc_supplements/catalog/view/theme/cosmeticcubes/template/common/cart.tpl on line 31
2015-08-12 21:56:40 - PHP Notice:  Undefined index: profile in /Applications/MAMP/htdocs/nc_supplements/catalog/view/theme/cosmeticcubes/template/common/cart.tpl on line 31
2015-08-12 21:57:37 - PHP Notice:  Undefined index: profile in /Applications/MAMP/htdocs/nc_supplements/catalog/view/theme/cosmeticcubes/template/common/cart.tpl on line 31
2015-08-12 21:57:44 - PHP Notice:  Undefined index: profile in /Applications/MAMP/htdocs/nc_supplements/catalog/view/theme/cosmeticcubes/template/common/cart.tpl on line 31
2015-08-12 21:58:13 - PHP Notice:  Undefined index: profile in /Applications/MAMP/htdocs/nc_supplements/catalog/view/theme/cosmeticcubes/template/common/cart.tpl on line 31
2015-08-12 22:50:50 - PHP Notice:  Undefined index: profile in /Applications/MAMP/htdocs/nc_supplements/catalog/view/theme/cosmeticcubes/template/common/cart.tpl on line 31
2015-08-13 2:07:49 - PHP Notice:  Undefined index: profile in /Applications/MAMP/htdocs/nc_supplements/catalog/view/theme/cosmeticcubes/template/common/cart.tpl on line 31
2015-08-13 2:23:04 - PHP Notice:  Undefined index: profile in /Applications/MAMP/htdocs/nc_supplements/catalog/view/theme/cosmeticcubes/template/common/cart.tpl on line 31
2015-08-13 2:23:06 - PHP Notice:  Undefined index: profile in /Applications/MAMP/htdocs/nc_supplements/catalog/view/theme/cosmeticcubes/template/common/cart.tpl on line 31
2015-08-13 2:23:10 - PHP Notice:  Undefined index: profile in /Applications/MAMP/htdocs/nc_supplements/catalog/view/theme/cosmeticcubes/template/common/cart.tpl on line 31
2015-08-13 2:23:10 - PHP Notice:  Undefined variable: entry_captcha in /Applications/MAMP/htdocs/nc_supplements/catalog/view/theme/cosmeticcubes/template/product/product.tpl on line 467
2015-08-13 4:36:37 - PHP Notice:  Error: Table 'nc_supplements.oc_otp_data' doesn't exist<br />Error No: 1146<br />SELECT COUNT(DISTINCT p.product_id) AS total FROM oc_product p LEFT JOIN oc_product_description pd ON (p.product_id = pd.product_id) LEFT JOIN oc_otp_data otp ON (p.product_id = otp.product_id) WHERE pd.language_id = '2' in /Applications/MAMP/htdocs/nc_supplements/system/library/db/mysqli.php on line 41
2015-08-13 4:36:37 - PHP Notice:  Trying to get property of non-object in /Applications/MAMP/htdocs/nc_supplements/vqmod/vqcache/vq2-admin_model_catalog_product.php on line 1080
2015-08-13 4:36:37 - PHP Notice:  Error: Table 'nc_supplements.oc_otp_data' doesn't exist<br />Error No: 1146<br />SELECT *, p.product_id as `product_id`, p.model as `model`, p.price as `price`, p.quantity as `quantity`, p.status as `status` FROM oc_product p LEFT JOIN oc_product_description pd ON (p.product_id = pd.product_id) LEFT JOIN oc_otp_data otp ON (p.product_id = otp.product_id) WHERE pd.language_id = '2' GROUP BY p.product_id ORDER BY pd.name ASC LIMIT 0,50 in /Applications/MAMP/htdocs/nc_supplements/system/library/db/mysqli.php on line 41
2015-08-13 4:36:37 - PHP Notice:  Trying to get property of non-object in /Applications/MAMP/htdocs/nc_supplements/vqmod/vqcache/vq2-admin_model_catalog_product.php on line 854
2015-08-13 4:36:37 - PHP Warning:  Invalid argument supplied for foreach() in /Applications/MAMP/htdocs/nc_supplements/vqmod/vqcache/vq2-admin_controller_catalog_product.php on line 497
2015-08-13 4:36:37 - PHP Notice:  Error: Table 'nc_supplements.oc_otp_data' doesn't exist<br />Error No: 1146<br />SELECT COUNT(DISTINCT p.product_id) AS total FROM oc_product p LEFT JOIN oc_product_description pd ON (p.product_id = pd.product_id) LEFT JOIN oc_otp_data otp ON (p.product_id = otp.product_id) WHERE pd.language_id = '2' AND p.quantity = '0' in /Applications/MAMP/htdocs/nc_supplements/system/library/db/mysqli.php on line 41
2015-08-13 4:36:37 - PHP Notice:  Trying to get property of non-object in /Applications/MAMP/htdocs/nc_supplements/vqmod/vqcache/vq2-admin_model_catalog_product.php on line 1080
2015-08-13 4:37:13 - PHP Notice:  Error: Table 'nc_supplements.oc_otp_data' doesn't exist<br />Error No: 1146<br />SELECT COUNT(DISTINCT p.product_id) AS total FROM oc_product p LEFT JOIN oc_product_description pd ON (p.product_id = pd.product_id) LEFT JOIN oc_otp_data otp ON (p.product_id = otp.product_id) WHERE pd.language_id = '2' in /Applications/MAMP/htdocs/nc_supplements/system/library/db/mysqli.php on line 41
2015-08-13 4:37:13 - PHP Notice:  Trying to get property of non-object in /Applications/MAMP/htdocs/nc_supplements/vqmod/vqcache/vq2-admin_model_catalog_product.php on line 1080
2015-08-13 4:37:13 - PHP Notice:  Error: Table 'nc_supplements.oc_otp_data' doesn't exist<br />Error No: 1146<br />SELECT *, p.product_id as `product_id`, p.model as `model`, p.price as `price`, p.quantity as `quantity`, p.status as `status` FROM oc_product p LEFT JOIN oc_product_description pd ON (p.product_id = pd.product_id) LEFT JOIN oc_otp_data otp ON (p.product_id = otp.product_id) WHERE pd.language_id = '2' GROUP BY p.product_id ORDER BY pd.name ASC LIMIT 0,50 in /Applications/MAMP/htdocs/nc_supplements/system/library/db/mysqli.php on line 41
2015-08-13 4:37:13 - PHP Notice:  Trying to get property of non-object in /Applications/MAMP/htdocs/nc_supplements/vqmod/vqcache/vq2-admin_model_catalog_product.php on line 854
2015-08-13 4:37:13 - PHP Warning:  Invalid argument supplied for foreach() in /Applications/MAMP/htdocs/nc_supplements/vqmod/vqcache/vq2-admin_controller_catalog_product.php on line 497
2015-08-13 4:37:13 - PHP Notice:  Error: Table 'nc_supplements.oc_otp_data' doesn't exist<br />Error No: 1146<br />SELECT COUNT(DISTINCT p.product_id) AS total FROM oc_product p LEFT JOIN oc_product_description pd ON (p.product_id = pd.product_id) LEFT JOIN oc_otp_data otp ON (p.product_id = otp.product_id) WHERE pd.language_id = '2' AND p.quantity = '0' in /Applications/MAMP/htdocs/nc_supplements/system/library/db/mysqli.php on line 41
2015-08-13 4:37:13 - PHP Notice:  Trying to get property of non-object in /Applications/MAMP/htdocs/nc_supplements/vqmod/vqcache/vq2-admin_model_catalog_product.php on line 1080
2015-08-13 4:38:35 - PHP Notice:  Error: Table 'nc_supplements.oc_otp_data' doesn't exist<br />Error No: 1146<br />SELECT COUNT(DISTINCT p.product_id) AS total FROM oc_product p LEFT JOIN oc_product_description pd ON (p.product_id = pd.product_id) LEFT JOIN oc_otp_data otp ON (p.product_id = otp.product_id) WHERE pd.language_id = '2' AND p.quantity = '0' in /Applications/MAMP/htdocs/nc_supplements/system/library/db/mysqli.php on line 41
2015-08-13 4:38:35 - PHP Notice:  Trying to get property of non-object in /Applications/MAMP/htdocs/nc_supplements/vqmod/vqcache/vq2-admin_model_catalog_product.php on line 1080
2015-08-13 4:43:42 - PHP Notice:  Undefined variable: entry_captcha in /Applications/MAMP/htdocs/nc_supplements/catalog/view/theme/cosmeticcubes/template/product/product.tpl on line 467
2015-08-13 4:44:21 - PHP Notice:  Undefined variable: entry_captcha in /Applications/MAMP/htdocs/nc_supplements/catalog/view/theme/cosmeticcubes/template/product/product.tpl on line 467
2015-08-13 4:44:37 - PHP Notice:  Undefined variable: entry_captcha in /Applications/MAMP/htdocs/nc_supplements/catalog/view/theme/cosmeticcubes/template/product/product.tpl on line 467
2015-08-13 4:46:02 - PHP Notice:  Undefined variable: entry_captcha in /Applications/MAMP/htdocs/nc_supplements/catalog/view/theme/cosmeticcubes/template/product/product.tpl on line 467
2015-08-13 4:46:56 - PHP Notice:  Undefined variable: entry_captcha in /Applications/MAMP/htdocs/nc_supplements/catalog/view/theme/cosmeticcubes/template/product/product.tpl on line 467
2015-08-13 4:49:13 - PHP Notice:  Undefined variable: entry_captcha in /Applications/MAMP/htdocs/nc_supplements/catalog/view/theme/cosmeticcubes/template/product/product.tpl on line 467
2015-08-13 4:50:01 - PHP Notice:  Undefined variable: entry_captcha in /Applications/MAMP/htdocs/nc_supplements/catalog/view/theme/cosmeticcubes/template/product/product.tpl on line 467
2015-08-13 5:06:06 - PHP Notice:  Undefined variable: entry_captcha in /Applications/MAMP/htdocs/nc_supplements/catalog/view/theme/cosmeticcubes/template/product/product.tpl on line 467
2015-08-13 5:16:06 - PHP Notice:  Undefined variable: entry_captcha in /Applications/MAMP/htdocs/nc_supplements/catalog/view/theme/cosmeticcubes/template/product/product.tpl on line 467
2015-08-13 13:46:49 - PHP Notice:  Undefined index: otp_bullets in /Applications/MAMP/htdocs/nc_supplements/vqmod/vqcache/vq2-catalog_view_theme_default_template_module_latest.tpl on line 7
2015-08-13 13:46:49 - PHP Notice:  Undefined index: starting_from in /Applications/MAMP/htdocs/nc_supplements/vqmod/vqcache/vq2-catalog_view_theme_default_template_module_latest.tpl on line 28
2015-08-13 13:46:49 - PHP Notice:  Undefined index: otp_bullets in /Applications/MAMP/htdocs/nc_supplements/vqmod/vqcache/vq2-catalog_view_theme_default_template_module_latest.tpl on line 7
2015-08-13 13:46:49 - PHP Notice:  Undefined index: starting_from in /Applications/MAMP/htdocs/nc_supplements/vqmod/vqcache/vq2-catalog_view_theme_default_template_module_latest.tpl on line 28
2015-08-13 13:46:49 - PHP Notice:  Undefined index: otp_bullets in /Applications/MAMP/htdocs/nc_supplements/vqmod/vqcache/vq2-catalog_view_theme_default_template_module_latest.tpl on line 7
2015-08-13 13:46:49 - PHP Notice:  Undefined index: starting_from in /Applications/MAMP/htdocs/nc_supplements/vqmod/vqcache/vq2-catalog_view_theme_default_template_module_latest.tpl on line 28
2015-08-13 13:46:49 - PHP Notice:  Undefined index: otp_bullets in /Applications/MAMP/htdocs/nc_supplements/vqmod/vqcache/vq2-catalog_view_theme_default_template_module_latest.tpl on line 7
2015-08-13 13:46:49 - PHP Notice:  Undefined index: starting_from in /Applications/MAMP/htdocs/nc_supplements/vqmod/vqcache/vq2-catalog_view_theme_default_template_module_latest.tpl on line 28
2015-08-13 13:46:49 - PHP Notice:  Undefined index: otp_bullets in /Applications/MAMP/htdocs/nc_supplements/vqmod/vqcache/vq2-catalog_view_theme_default_template_module_latest.tpl on line 7
2015-08-13 13:46:49 - PHP Notice:  Undefined index: starting_from in /Applications/MAMP/htdocs/nc_supplements/vqmod/vqcache/vq2-catalog_view_theme_default_template_module_latest.tpl on line 28
2015-08-13 14:17:23 - PHP Notice:  Undefined variable: entry_captcha in /Applications/MAMP/htdocs/nc_supplements/catalog/view/theme/cosmeticcubes/template/product/product.tpl on line 467
2015-08-13 14:29:20 - PHP Notice:  Undefined variable: entry_captcha in /Applications/MAMP/htdocs/nc_supplements/catalog/view/theme/cosmeticcubes/template/product/product.tpl on line 467
2015-08-13 15:14:12 - PHP Notice:  Undefined variable: entry_captcha in /Applications/MAMP/htdocs/nc_supplements/catalog/view/theme/cosmeticcubes/template/product/product.tpl on line 467
2015-08-13 15:25:00 - PHP Notice:  Undefined variable: entry_captcha in /Applications/MAMP/htdocs/nc_supplements/catalog/view/theme/cosmeticcubes/template/product/product.tpl on line 467
2015-08-13 15:26:42 - PHP Notice:  Undefined variable: entry_captcha in /Applications/MAMP/htdocs/nc_supplements/catalog/view/theme/cosmeticcubes/template/product/product.tpl on line 467
2015-08-13 15:28:04 - PHP Notice:  Undefined variable: entry_captcha in /Applications/MAMP/htdocs/nc_supplements/catalog/view/theme/cosmeticcubes/template/product/product.tpl on line 467
2015-08-13 15:29:28 - PHP Notice:  Undefined variable: entry_captcha in /Applications/MAMP/htdocs/nc_supplements/catalog/view/theme/cosmeticcubes/template/product/product.tpl on line 467
2015-08-13 15:54:41 - PHP Notice:  Undefined variable: entry_captcha in /Applications/MAMP/htdocs/nc_supplements/catalog/view/theme/cosmeticcubes/template/product/product.tpl on line 467
2015-08-13 15:55:20 - PHP Notice:  Undefined variable: entry_captcha in /Applications/MAMP/htdocs/nc_supplements/catalog/view/theme/cosmeticcubes/template/product/product.tpl on line 467
2015-08-13 15:55:31 - PHP Notice:  Undefined variable: entry_captcha in /Applications/MAMP/htdocs/nc_supplements/catalog/view/theme/cosmeticcubes/template/product/product.tpl on line 467
2015-08-13 16:13:56 - PHP Notice:  Undefined variable: entry_captcha in /Applications/MAMP/htdocs/nc_supplements/catalog/view/theme/cosmeticcubes/template/product/product.tpl on line 467
2015-08-13 16:14:20 - PHP Notice:  Undefined variable: entry_captcha in /Applications/MAMP/htdocs/nc_supplements/catalog/view/theme/cosmeticcubes/template/product/product.tpl on line 467
2015-08-13 21:10:34 - PHP Notice:  Undefined variable: entry_captcha in /Applications/MAMP/htdocs/nc_supplements/catalog/view/theme/cosmeticcubes/template/product/product.tpl on line 467
2015-08-13 21:18:23 - PHP Notice:  Undefined variable: entry_captcha in /Applications/MAMP/htdocs/nc_supplements/catalog/view/theme/cosmeticcubes/template/product/product.tpl on line 467
2015-08-13 21:18:36 - PHP Notice:  Undefined variable: entry_captcha in /Applications/MAMP/htdocs/nc_supplements/catalog/view/theme/cosmeticcubes/template/product/product.tpl on line 467
2015-08-13 21:18:46 - PHP Notice:  Undefined variable: entry_captcha in /Applications/MAMP/htdocs/nc_supplements/catalog/view/theme/cosmeticcubes/template/product/product.tpl on line 467
2015-08-13 21:48:56 - PHP Notice:  Undefined variable: entry_captcha in /Applications/MAMP/htdocs/nc_supplements/catalog/view/theme/cosmeticcubes/template/product/product.tpl on line 467
2015-08-14 5:33:30 - PHP Notice:  Undefined variable: entry_captcha in /Applications/MAMP/htdocs/nc_supplements/catalog/view/theme/cosmeticcubes/template/product/product.tpl on line 467
2015-08-14 5:33:35 - PHP Notice:  Undefined index: profile in /Applications/MAMP/htdocs/nc_supplements/catalog/view/theme/cosmeticcubes/template/common/cart.tpl on line 31
2015-08-14 5:33:41 - PHP Notice:  Undefined index: profile in /Applications/MAMP/htdocs/nc_supplements/catalog/view/theme/cosmeticcubes/template/common/cart.tpl on line 31
2015-08-14 5:34:04 - PHP Notice:  Undefined index: profile in /Applications/MAMP/htdocs/nc_supplements/catalog/view/theme/cosmeticcubes/template/common/cart.tpl on line 31
2015-08-14 5:36:13 - PHP Notice:  Undefined index: profile in /Applications/MAMP/htdocs/nc_supplements/catalog/view/theme/cosmeticcubes/template/common/cart.tpl on line 31
2015-08-14 7:06:53 - PHP Notice:  Undefined index: openpos_config_pos_complete_status_id in /Applications/MAMP/htdocs/nc_supplements/admin/view/template/module/openpos/openpos_setting.tpl on line 95
2015-08-14 7:06:53 - PHP Notice:  Undefined index: openpos_config_pos_complete_status_id in /Applications/MAMP/htdocs/nc_supplements/admin/view/template/module/openpos/openpos_setting.tpl on line 95
2015-08-14 7:06:53 - PHP Notice:  Undefined index: openpos_config_pos_complete_status_id in /Applications/MAMP/htdocs/nc_supplements/admin/view/template/module/openpos/openpos_setting.tpl on line 95
2015-08-14 7:06:53 - PHP Notice:  Undefined index: openpos_config_pos_complete_status_id in /Applications/MAMP/htdocs/nc_supplements/admin/view/template/module/openpos/openpos_setting.tpl on line 95
2015-08-14 7:06:53 - PHP Notice:  Undefined index: openpos_config_pos_complete_status_id in /Applications/MAMP/htdocs/nc_supplements/admin/view/template/module/openpos/openpos_setting.tpl on line 95
2015-08-14 7:06:53 - PHP Notice:  Undefined index: openpos_config_pos_complete_status_id in /Applications/MAMP/htdocs/nc_supplements/admin/view/template/module/openpos/openpos_setting.tpl on line 95
2015-08-14 7:06:53 - PHP Notice:  Undefined index: openpos_config_pos_complete_status_id in /Applications/MAMP/htdocs/nc_supplements/admin/view/template/module/openpos/openpos_setting.tpl on line 95
2015-08-14 7:06:53 - PHP Notice:  Undefined index: openpos_config_pos_complete_status_id in /Applications/MAMP/htdocs/nc_supplements/admin/view/template/module/openpos/openpos_setting.tpl on line 95
2015-08-14 7:06:53 - PHP Notice:  Undefined index: openpos_config_pos_complete_status_id in /Applications/MAMP/htdocs/nc_supplements/admin/view/template/module/openpos/openpos_setting.tpl on line 95
2015-08-14 7:06:53 - PHP Notice:  Undefined index: openpos_config_pos_complete_status_id in /Applications/MAMP/htdocs/nc_supplements/admin/view/template/module/openpos/openpos_setting.tpl on line 95
2015-08-14 7:06:53 - PHP Notice:  Undefined index: openpos_config_pos_complete_status_id in /Applications/MAMP/htdocs/nc_supplements/admin/view/template/module/openpos/openpos_setting.tpl on line 95
2015-08-14 7:06:53 - PHP Notice:  Undefined index: openpos_config_pos_complete_status_id in /Applications/MAMP/htdocs/nc_supplements/admin/view/template/module/openpos/openpos_setting.tpl on line 95
2015-08-14 7:06:53 - PHP Notice:  Undefined index: openpos_config_pos_complete_status_id in /Applications/MAMP/htdocs/nc_supplements/admin/view/template/module/openpos/openpos_setting.tpl on line 95
2015-08-14 7:06:53 - PHP Notice:  Undefined index: openpos_config_pos_complete_status_id in /Applications/MAMP/htdocs/nc_supplements/admin/view/template/module/openpos/openpos_setting.tpl on line 95
2015-08-14 7:06:53 - PHP Notice:  Undefined index: openpos_config_pos_cancel_status_id in /Applications/MAMP/htdocs/nc_supplements/admin/view/template/module/openpos/openpos_setting.tpl on line 110
2015-08-14 7:06:53 - PHP Notice:  Undefined index: openpos_config_pos_cancel_status_id in /Applications/MAMP/htdocs/nc_supplements/admin/view/template/module/openpos/openpos_setting.tpl on line 110
2015-08-14 7:06:53 - PHP Notice:  Undefined index: openpos_config_pos_cancel_status_id in /Applications/MAMP/htdocs/nc_supplements/admin/view/template/module/openpos/openpos_setting.tpl on line 110
2015-08-14 7:06:53 - PHP Notice:  Undefined index: openpos_config_pos_cancel_status_id in /Applications/MAMP/htdocs/nc_supplements/admin/view/template/module/openpos/openpos_setting.tpl on line 110
2015-08-14 7:06:53 - PHP Notice:  Undefined index: openpos_config_pos_cancel_status_id in /Applications/MAMP/htdocs/nc_supplements/admin/view/template/module/openpos/openpos_setting.tpl on line 110
2015-08-14 7:06:53 - PHP Notice:  Undefined index: openpos_config_pos_cancel_status_id in /Applications/MAMP/htdocs/nc_supplements/admin/view/template/module/openpos/openpos_setting.tpl on line 110
2015-08-14 7:06:53 - PHP Notice:  Undefined index: openpos_config_pos_cancel_status_id in /Applications/MAMP/htdocs/nc_supplements/admin/view/template/module/openpos/openpos_setting.tpl on line 110
2015-08-14 7:06:53 - PHP Notice:  Undefined index: openpos_config_pos_cancel_status_id in /Applications/MAMP/htdocs/nc_supplements/admin/view/template/module/openpos/openpos_setting.tpl on line 110
2015-08-14 7:06:53 - PHP Notice:  Undefined index: openpos_config_pos_cancel_status_id in /Applications/MAMP/htdocs/nc_supplements/admin/view/template/module/openpos/openpos_setting.tpl on line 110
2015-08-14 7:06:53 - PHP Notice:  Undefined index: openpos_config_pos_cancel_status_id in /Applications/MAMP/htdocs/nc_supplements/admin/view/template/module/openpos/openpos_setting.tpl on line 110
2015-08-14 7:06:53 - PHP Notice:  Undefined index: openpos_config_pos_cancel_status_id in /Applications/MAMP/htdocs/nc_supplements/admin/view/template/module/openpos/openpos_setting.tpl on line 110
2015-08-14 7:06:53 - PHP Notice:  Undefined index: openpos_config_pos_cancel_status_id in /Applications/MAMP/htdocs/nc_supplements/admin/view/template/module/openpos/openpos_setting.tpl on line 110
2015-08-14 7:06:53 - PHP Notice:  Undefined index: openpos_config_pos_cancel_status_id in /Applications/MAMP/htdocs/nc_supplements/admin/view/template/module/openpos/openpos_setting.tpl on line 110
2015-08-14 7:06:53 - PHP Notice:  Undefined index: openpos_config_pos_cancel_status_id in /Applications/MAMP/htdocs/nc_supplements/admin/view/template/module/openpos/openpos_setting.tpl on line 110
2015-08-14 7:06:53 - PHP Notice:  Undefined index: openpos_config_pos_user_group_id in /Applications/MAMP/htdocs/nc_supplements/admin/view/template/module/openpos/openpos_setting.tpl on line 125
2015-08-14 7:06:53 - PHP Notice:  Undefined index: openpos_config_pos_user_group_id in /Applications/MAMP/htdocs/nc_supplements/admin/view/template/module/openpos/openpos_setting.tpl on line 125
2015-08-14 7:06:53 - PHP Notice:  Undefined index: openpos_config_pos_tax in /Applications/MAMP/htdocs/nc_supplements/admin/view/template/module/openpos/openpos_setting.tpl on line 142
2015-08-14 7:08:15 - PHP Notice:  Undefined index: payment_name in /Applications/MAMP/htdocs/nc_supplements/admin/controller/module/openpos.php on line 259
2015-08-14 7:08:15 - PHP Warning:  Invalid argument supplied for foreach() in /Applications/MAMP/htdocs/nc_supplements/admin/controller/module/openpos.php on line 269
2015-08-14 7:08:15 - PHP Warning:  Cannot modify header information - headers already sent by (output started at /Applications/MAMP/htdocs/nc_supplements/admin/index.php:84) in /Applications/MAMP/htdocs/nc_supplements/system/library/response.php on line 12
2015-08-14 7:08:28 - PHP Notice:  Undefined index: payment_name in /Applications/MAMP/htdocs/nc_supplements/admin/controller/module/openpos.php on line 259
2015-08-14 7:08:28 - PHP Warning:  Invalid argument supplied for foreach() in /Applications/MAMP/htdocs/nc_supplements/admin/controller/module/openpos.php on line 269
2015-08-14 7:08:28 - PHP Warning:  Cannot modify header information - headers already sent by (output started at /Applications/MAMP/htdocs/nc_supplements/admin/index.php:84) in /Applications/MAMP/htdocs/nc_supplements/system/library/response.php on line 12
2015-08-19 19:37:01 - PHP Notice:  Undefined variable: entry_captcha in /Applications/MAMP/htdocs/nc_supplements/catalog/view/theme/cosmeticcubes/template/information/contact.tpl on line 123
2015-08-19 19:37:19 - PHP Notice:  Undefined variable: entry_captcha in /Applications/MAMP/htdocs/nc_supplements/catalog/view/theme/cosmeticcubes/template/product/product.tpl on line 467
2015-08-20 19:01:44 - PHP Notice:  Undefined variable: entry_captcha in /Applications/MAMP/htdocs/nc_supplements/catalog/view/theme/cosmeticcubes/template/product/product.tpl on line 467
2015-08-26 14:57:03 - PHP Notice:  Undefined variable: entry_captcha in /Applications/MAMP/htdocs/nc_supplements/catalog/view/theme/cosmeticcubes/template/information/contact.tpl on line 123
2015-08-26 15:05:28 - PHP Notice:  Undefined variable: image in /Applications/MAMP/htdocs/nc_supplements/catalog/view/theme/cosmeticcubes/template/product/category.tpl on line 51
2015-08-26 15:05:50 - PHP Notice:  Undefined variable: image in /Applications/MAMP/htdocs/nc_supplements/catalog/view/theme/cosmeticcubes/template/product/category.tpl on line 51
2015-08-26 15:06:04 - PHP Notice:  Undefined variable: image in /Applications/MAMP/htdocs/nc_supplements/catalog/view/theme/cosmeticcubes/template/product/category.tpl on line 51
2015-08-26 16:21:39 - PHP Notice:  Undefined variable: entry_captcha in /Applications/MAMP/htdocs/nc_supplements/catalog/view/theme/cosmeticcubes/template/information/contact.tpl on line 123
2015-08-26 16:23:59 - PHP Notice:  Undefined variable: entry_captcha in /Applications/MAMP/htdocs/nc_supplements/catalog/view/theme/cosmeticcubes/template/information/contact.tpl on line 123
2015-08-26 16:27:31 - PHP Notice:  Undefined variable: entry_captcha in /Applications/MAMP/htdocs/nc_supplements/catalog/view/theme/cosmeticcubes/template/information/contact.tpl on line 123
2015-08-26 16:34:25 - PHP Notice:  Undefined variable: entry_captcha in /Applications/MAMP/htdocs/nc_supplements/catalog/view/theme/cosmeticcubes/template/product/product.tpl on line 467
2015-08-26 16:34:42 - PHP Warning:  Invalid argument supplied for foreach() in /Applications/MAMP/htdocs/nc_supplements/vqmod/vqcache/vq2-admin_controller_catalog_product.php on line 1530
2015-08-26 16:34:50 - PHP Warning:  Invalid argument supplied for foreach() in /Applications/MAMP/htdocs/nc_supplements/vqmod/vqcache/vq2-admin_controller_catalog_product.php on line 1530
2015-08-26 16:34:59 - PHP Warning:  Invalid argument supplied for foreach() in /Applications/MAMP/htdocs/nc_supplements/vqmod/vqcache/vq2-admin_controller_catalog_product.php on line 1530
2015-08-26 16:37:09 - PHP Notice:  Undefined index: weight in /Applications/MAMP/htdocs/nc_supplements/vqmod/vqcache/vq2-catalog_view_theme_cosmeticcubes_template_product_category.tpl on line 131
2015-08-26 16:37:09 - PHP Notice:  Undefined index: weight in /Applications/MAMP/htdocs/nc_supplements/vqmod/vqcache/vq2-catalog_view_theme_cosmeticcubes_template_product_category.tpl on line 131
2015-08-26 16:37:09 - PHP Notice:  Undefined index: weight in /Applications/MAMP/htdocs/nc_supplements/vqmod/vqcache/vq2-catalog_view_theme_cosmeticcubes_template_product_category.tpl on line 131
2015-08-26 16:37:09 - PHP Notice:  Undefined index: weight in /Applications/MAMP/htdocs/nc_supplements/vqmod/vqcache/vq2-catalog_view_theme_cosmeticcubes_template_product_category.tpl on line 131
2015-08-26 16:37:09 - PHP Notice:  Undefined index: weight in /Applications/MAMP/htdocs/nc_supplements/vqmod/vqcache/vq2-catalog_view_theme_cosmeticcubes_template_product_category.tpl on line 131
2015-08-26 16:37:35 - PHP Notice:  Undefined index: weight in /Applications/MAMP/htdocs/nc_supplements/vqmod/vqcache/vq2-catalog_view_theme_cosmeticcubes_template_product_category.tpl on line 131
2015-08-26 16:37:35 - PHP Notice:  Undefined index: weight in /Applications/MAMP/htdocs/nc_supplements/vqmod/vqcache/vq2-catalog_view_theme_cosmeticcubes_template_product_category.tpl on line 131
2015-08-26 16:37:35 - PHP Notice:  Undefined index: weight in /Applications/MAMP/htdocs/nc_supplements/vqmod/vqcache/vq2-catalog_view_theme_cosmeticcubes_template_product_category.tpl on line 131
2015-08-26 16:37:35 - PHP Notice:  Undefined index: weight in /Applications/MAMP/htdocs/nc_supplements/vqmod/vqcache/vq2-catalog_view_theme_cosmeticcubes_template_product_category.tpl on line 131
2015-08-26 16:37:35 - PHP Notice:  Undefined index: weight in /Applications/MAMP/htdocs/nc_supplements/vqmod/vqcache/vq2-catalog_view_theme_cosmeticcubes_template_product_category.tpl on line 131
2015-08-26 16:37:39 - PHP Notice:  Undefined variable: entry_captcha in /Applications/MAMP/htdocs/nc_supplements/catalog/view/theme/cosmeticcubes/template/product/product.tpl on line 467
2015-08-26 16:39:03 - PHP Notice:  Undefined variable: entry_captcha in /Applications/MAMP/htdocs/nc_supplements/catalog/view/theme/cosmeticcubes/template/product/product.tpl on line 467
2015-08-26 16:39:10 - PHP Notice:  Undefined variable: entry_captcha in /Applications/MAMP/htdocs/nc_supplements/catalog/view/theme/cosmeticcubes/template/product/product.tpl on line 467
2015-08-26 17:05:01 - PHP Warning:  Invalid argument supplied for foreach() in /Applications/MAMP/htdocs/nc_supplements/vqmod/vqcache/vq2-admin_controller_catalog_product.php on line 1518
2015-08-27 1:44:22 - PHP Notice:  Undefined variable: entry_captcha in /Applications/MAMP/htdocs/nc_supplements/catalog/view/theme/cosmeticcubes/template/product/product.tpl on line 467
2015-08-27 3:21:05 - PHP Notice:  Undefined variable: entry_captcha in /Applications/MAMP/htdocs/nc_supplements/catalog/view/theme/cosmeticcubes/template/product/product.tpl on line 467
2015-08-27 3:37:37 - PHP Notice:  Undefined variable: entry_captcha in /Applications/MAMP/htdocs/nc_supplements/catalog/view/theme/cosmeticcubes/template/product/product.tpl on line 467
2015-08-27 3:39:49 - PHP Notice:  Undefined variable: entry_captcha in /Applications/MAMP/htdocs/nc_supplements/catalog/view/theme/cosmeticcubes/template/product/product.tpl on line 467
2015-08-27 3:40:06 - PHP Notice:  Undefined variable: entry_captcha in /Applications/MAMP/htdocs/nc_supplements/catalog/view/theme/cosmeticcubes/template/product/product.tpl on line 467
2015-08-27 3:40:26 - PHP Notice:  Undefined variable: entry_captcha in /Applications/MAMP/htdocs/nc_supplements/catalog/view/theme/cosmeticcubes/template/product/product.tpl on line 467
2015-08-27 3:41:51 - PHP Notice:  Undefined variable: entry_captcha in /Applications/MAMP/htdocs/nc_supplements/catalog/view/theme/cosmeticcubes/template/product/product.tpl on line 467
2015-08-27 3:42:07 - PHP Notice:  Undefined variable: entry_captcha in /Applications/MAMP/htdocs/nc_supplements/catalog/view/theme/cosmeticcubes/template/product/product.tpl on line 467
2015-08-27 3:43:02 - PHP Notice:  Undefined variable: entry_captcha in /Applications/MAMP/htdocs/nc_supplements/catalog/view/theme/cosmeticcubes/template/product/product.tpl on line 467
2015-08-27 5:49:02 - PHP Notice:  Undefined variable: entry_captcha in /Applications/MAMP/htdocs/nc_supplements/catalog/view/theme/cosmeticcubes/template/product/product.tpl on line 467
2015-08-27 5:49:36 - PHP Notice:  Undefined variable: entry_captcha in /Applications/MAMP/htdocs/nc_supplements/catalog/view/theme/cosmeticcubes/template/product/product.tpl on line 467
2015-08-27 5:52:34 - PHP Notice:  Undefined variable: entry_captcha in /Applications/MAMP/htdocs/nc_supplements/catalog/view/theme/cosmeticcubes/template/product/product.tpl on line 467
2015-08-27 5:53:29 - PHP Notice:  Undefined variable: entry_captcha in /Applications/MAMP/htdocs/nc_supplements/catalog/view/theme/cosmeticcubes/template/product/product.tpl on line 467
2015-08-27 5:54:25 - PHP Notice:  Undefined variable: entry_captcha in /Applications/MAMP/htdocs/nc_supplements/catalog/view/theme/cosmeticcubes/template/product/product.tpl on line 467
2015-08-27 5:54:25 - PHP Notice:  Undefined variable: entry_captcha in /Applications/MAMP/htdocs/nc_supplements/catalog/view/theme/cosmeticcubes/template/product/product.tpl on line 467
2015-08-27 5:55:39 - PHP Notice:  Undefined variable: entry_captcha in /Applications/MAMP/htdocs/nc_supplements/catalog/view/theme/cosmeticcubes/template/product/product.tpl on line 467
2015-08-27 5:55:52 - PHP Notice:  Undefined variable: entry_captcha in /Applications/MAMP/htdocs/nc_supplements/catalog/view/theme/cosmeticcubes/template/product/product.tpl on line 467
2015-08-27 5:56:15 - PHP Notice:  Undefined variable: entry_captcha in /Applications/MAMP/htdocs/nc_supplements/catalog/view/theme/cosmeticcubes/template/product/product.tpl on line 467
2015-08-27 5:56:33 - PHP Notice:  Undefined variable: entry_captcha in /Applications/MAMP/htdocs/nc_supplements/catalog/view/theme/cosmeticcubes/template/product/product.tpl on line 467
2015-08-27 5:57:05 - PHP Notice:  Undefined variable: entry_captcha in /Applications/MAMP/htdocs/nc_supplements/catalog/view/theme/cosmeticcubes/template/product/product.tpl on line 467
2015-08-27 5:57:14 - PHP Notice:  Undefined variable: entry_captcha in /Applications/MAMP/htdocs/nc_supplements/catalog/view/theme/cosmeticcubes/template/product/product.tpl on line 467
2015-08-27 6:43:29 - PHP Notice:  Undefined variable: entry_captcha in /Applications/MAMP/htdocs/nc_supplements/catalog/view/theme/cosmeticcubes/template/product/product.tpl on line 467
2015-08-27 6:44:33 - PHP Notice:  Undefined variable: entry_captcha in /Applications/MAMP/htdocs/nc_supplements/catalog/view/theme/cosmeticcubes/template/product/product.tpl on line 467
2015-08-27 6:44:42 - PHP Notice:  Undefined variable: entry_captcha in /Applications/MAMP/htdocs/nc_supplements/catalog/view/theme/cosmeticcubes/template/product/product.tpl on line 467
2015-08-27 6:46:13 - PHP Notice:  Undefined variable: entry_captcha in /Applications/MAMP/htdocs/nc_supplements/catalog/view/theme/cosmeticcubes/template/product/product.tpl on line 467
2015-08-27 6:46:30 - PHP Notice:  Undefined variable: entry_captcha in /Applications/MAMP/htdocs/nc_supplements/catalog/view/theme/cosmeticcubes/template/product/product.tpl on line 467
2015-08-27 6:47:09 - PHP Notice:  Undefined variable: entry_captcha in /Applications/MAMP/htdocs/nc_supplements/catalog/view/theme/cosmeticcubes/template/product/product.tpl on line 467
2015-08-27 6:47:46 - PHP Notice:  Undefined variable: entry_captcha in /Applications/MAMP/htdocs/nc_supplements/catalog/view/theme/cosmeticcubes/template/product/product.tpl on line 467
2015-08-27 6:48:40 - PHP Notice:  Undefined variable: entry_captcha in /Applications/MAMP/htdocs/nc_supplements/catalog/view/theme/cosmeticcubes/template/product/product.tpl on line 467
2015-08-27 14:04:12 - PHP Warning:  Invalid argument supplied for foreach() in /Applications/MAMP/htdocs/nc_supplements/vqmod/vqcache/vq2-admin_controller_catalog_product.php on line 1518
2015-08-27 14:04:35 - PHP Warning:  Invalid argument supplied for foreach() in /Applications/MAMP/htdocs/nc_supplements/vqmod/vqcache/vq2-admin_controller_catalog_product.php on line 1518
2015-08-27 14:14:45 - PHP Notice:  Undefined variable: entry_captcha in /Applications/MAMP/htdocs/nc_supplements/catalog/view/theme/cosmeticcubes/template/information/contact.tpl on line 123
2015-08-27 15:36:39 - PHP Warning:  Invalid argument supplied for foreach() in /Applications/MAMP/htdocs/nc_supplements/vqmod/vqcache/vq2-admin_controller_catalog_product.php on line 1518
2015-08-27 15:50:44 - PHP Warning:  Invalid argument supplied for foreach() in /Applications/MAMP/htdocs/nc_supplements/vqmod/vqcache/vq2-admin_controller_catalog_product.php on line 1518
2015-08-27 16:08:29 - PHP Notice:  Undefined variable: entry_captcha in /Applications/MAMP/htdocs/nc_supplements/catalog/view/theme/cosmeticcubes/template/product/product.tpl on line 467
2015-08-27 16:08:56 - PHP Notice:  Undefined variable: entry_captcha in /Applications/MAMP/htdocs/nc_supplements/catalog/view/theme/cosmeticcubes/template/product/product.tpl on line 467
2015-08-27 16:09:27 - PHP Notice:  Undefined variable: entry_captcha in /Applications/MAMP/htdocs/nc_supplements/catalog/view/theme/cosmeticcubes/template/product/product.tpl on line 467
2015-08-28 15:19:38 - PHP Notice:  Undefined variable: entry_captcha in /Applications/MAMP/htdocs/nc_supplements/catalog/view/theme/cosmeticcubes/template/product/product.tpl on line 467
2015-08-28 15:19:45 - PHP Notice:  Undefined variable: entry_captcha in /Applications/MAMP/htdocs/nc_supplements/catalog/view/theme/cosmeticcubes/template/product/product.tpl on line 467
2015-08-28 17:01:40 - PHP Warning:  unlink(/Applications/MAMP/htdocs/nc_supplements/system/cache/cache.language.1440771578): No such file or directory in /Applications/MAMP/htdocs/nc_supplements/system/library/cache/file.php on line 17
2015-08-28 17:01:41 - PHP Warning:  session_start(): Cannot send session cookie - headers already sent by (output started at /Applications/MAMP/htdocs/nc_supplements/admin/index.php:84) in /Applications/MAMP/htdocs/nc_supplements/system/library/session.php on line 12
2015-08-28 17:01:41 - PHP Warning:  session_start(): Cannot send session cache limiter - headers already sent (output started at /Applications/MAMP/htdocs/nc_supplements/admin/index.php:84) in /Applications/MAMP/htdocs/nc_supplements/system/library/session.php on line 12
2015-08-28 20:09:58 - PHP Notice:  Undefined variable: entry_captcha in /Applications/MAMP/htdocs/nc_supplements/catalog/view/theme/cosmeticcubes/template/information/contact.tpl on line 123
2015-08-28 22:04:06 - PHP Notice:  Undefined variable: entry_captcha in /Applications/MAMP/htdocs/nc_supplements/catalog/view/theme/cosmeticcubes/template/product/product.tpl on line 467
2015-08-28 22:07:47 - PHP Notice:  Undefined variable: entry_captcha in /Applications/MAMP/htdocs/nc_supplements/catalog/view/theme/cosmeticcubes/template/product/product.tpl on line 467
2015-08-28 22:09:01 - PHP Notice:  Undefined variable: entry_captcha in /Applications/MAMP/htdocs/nc_supplements/catalog/view/theme/cosmeticcubes/template/product/product.tpl on line 467
2015-08-28 22:11:15 - PHP Notice:  Undefined variable: entry_captcha in /Applications/MAMP/htdocs/nc_supplements/catalog/view/theme/cosmeticcubes/template/product/product.tpl on line 467
2015-08-28 22:11:45 - PHP Notice:  Undefined variable: entry_captcha in /Applications/MAMP/htdocs/nc_supplements/catalog/view/theme/cosmeticcubes/template/product/product.tpl on line 467
2015-08-28 22:12:51 - PHP Notice:  Undefined variable: entry_captcha in /Applications/MAMP/htdocs/nc_supplements/catalog/view/theme/cosmeticcubes/template/product/product.tpl on line 467
2015-08-28 22:37:43 - PHP Notice:  Undefined variable: entry_captcha in /Applications/MAMP/htdocs/nc_supplements/catalog/view/theme/cosmeticcubes/template/product/product.tpl on line 467
2015-08-28 22:38:02 - PHP Warning:  Invalid argument supplied for foreach() in /Applications/MAMP/htdocs/nc_supplements/vqmod/vqcache/vq2-admin_controller_catalog_product.php on line 1518
2015-08-28 22:38:37 - PHP Notice:  Undefined variable: entry_captcha in /Applications/MAMP/htdocs/nc_supplements/catalog/view/theme/cosmeticcubes/template/product/product.tpl on line 467
2015-08-28 22:38:50 - PHP Notice:  Undefined variable: entry_captcha in /Applications/MAMP/htdocs/nc_supplements/catalog/view/theme/cosmeticcubes/template/product/product.tpl on line 467
2015-08-28 22:40:47 - PHP Warning:  Invalid argument supplied for foreach() in /Applications/MAMP/htdocs/nc_supplements/vqmod/vqcache/vq2-admin_controller_catalog_product.php on line 1518
2015-08-28 22:41:28 - PHP Notice:  Undefined variable: entry_captcha in /Applications/MAMP/htdocs/nc_supplements/catalog/view/theme/cosmeticcubes/template/product/product.tpl on line 467
2015-08-28 22:41:39 - PHP Warning:  Invalid argument supplied for foreach() in /Applications/MAMP/htdocs/nc_supplements/vqmod/vqcache/vq2-admin_controller_catalog_product.php on line 1518
2015-08-28 22:42:31 - PHP Notice:  Undefined variable: entry_captcha in /Applications/MAMP/htdocs/nc_supplements/catalog/view/theme/cosmeticcubes/template/product/product.tpl on line 467
2015-08-28 22:42:50 - PHP Warning:  Invalid argument supplied for foreach() in /Applications/MAMP/htdocs/nc_supplements/vqmod/vqcache/vq2-admin_controller_catalog_product.php on line 1518
2015-08-28 22:43:15 - PHP Warning:  Invalid argument supplied for foreach() in /Applications/MAMP/htdocs/nc_supplements/vqmod/vqcache/vq2-admin_controller_catalog_product.php on line 1518
2015-08-28 22:43:37 - PHP Notice:  Undefined variable: entry_captcha in /Applications/MAMP/htdocs/nc_supplements/catalog/view/theme/cosmeticcubes/template/product/product.tpl on line 467
2015-08-28 22:44:18 - PHP Notice:  Undefined variable: entry_captcha in /Applications/MAMP/htdocs/nc_supplements/catalog/view/theme/cosmeticcubes/template/product/product.tpl on line 467
2015-08-28 22:46:33 - PHP Warning:  Invalid argument supplied for foreach() in /Applications/MAMP/htdocs/nc_supplements/vqmod/vqcache/vq2-admin_controller_catalog_product.php on line 1518
2015-08-28 22:47:23 - PHP Warning:  Invalid argument supplied for foreach() in /Applications/MAMP/htdocs/nc_supplements/vqmod/vqcache/vq2-admin_controller_catalog_product.php on line 1518
2015-08-28 22:58:45 - PHP Notice:  Undefined variable: entry_captcha in /Applications/MAMP/htdocs/nc_supplements/catalog/view/theme/cosmeticcubes/template/product/product.tpl on line 467
2015-08-28 22:59:11 - PHP Notice:  Undefined variable: entry_captcha in /Applications/MAMP/htdocs/nc_supplements/catalog/view/theme/cosmeticcubes/template/product/product.tpl on line 467
2015-08-28 22:59:54 - PHP Notice:  Undefined variable: entry_captcha in /Applications/MAMP/htdocs/nc_supplements/catalog/view/theme/cosmeticcubes/template/product/product.tpl on line 467
2015-08-28 23:00:13 - PHP Notice:  Undefined variable: entry_captcha in /Applications/MAMP/htdocs/nc_supplements/catalog/view/theme/cosmeticcubes/template/product/product.tpl on line 467
2015-08-28 23:42:22 - PHP Notice:  Undefined variable: entry_captcha in /Applications/MAMP/htdocs/nc_supplements/catalog/view/theme/cosmeticcubes/template/product/product.tpl on line 467
2015-08-31 21:33:24 - PHP Notice:  Undefined variable: entry_captcha in /Applications/MAMP/htdocs/nc_supplements/catalog/view/theme/cosmeticcubes/template/information/contact.tpl on line 123
2015-08-31 21:35:48 - PHP Notice:  Undefined variable: entry_captcha in /Applications/MAMP/htdocs/nc_supplements/catalog/view/theme/cosmeticcubes/template/information/contact.tpl on line 123
2015-08-31 21:36:00 - PHP Notice:  Undefined variable: entry_captcha in /Applications/MAMP/htdocs/nc_supplements/catalog/view/theme/cosmeticcubes/template/information/contact.tpl on line 123
2015-08-31 21:36:32 - PHP Notice:  Undefined variable: entry_captcha in /Applications/MAMP/htdocs/nc_supplements/catalog/view/theme/cosmeticcubes/template/information/contact.tpl on line 123
2015-08-31 21:39:59 - PHP Notice:  Undefined variable: entry_captcha in /Applications/MAMP/htdocs/nc_supplements/catalog/view/theme/cosmeticcubes/template/information/contact.tpl on line 123
2015-08-31 21:40:22 - PHP Notice:  Undefined variable: entry_captcha in /Applications/MAMP/htdocs/nc_supplements/catalog/view/theme/cosmeticcubes/template/information/contact.tpl on line 123
2015-09-01 1:16:13 - PHP Notice:  Undefined variable: text_payments in /Applications/MAMP/htdocs/nc_supplements/catalog/view/theme/cosmeticcubes/template/common/footer.tpl on line 277
2015-09-01 1:17:10 - PHP Notice:  Undefined variable: text_payments in /Applications/MAMP/htdocs/nc_supplements/catalog/view/theme/cosmeticcubes/template/common/footer.tpl on line 277
2015-09-01 1:17:35 - PHP Notice:  Undefined variable: text_payments in /Applications/MAMP/htdocs/nc_supplements/catalog/view/theme/cosmeticcubes/template/common/footer.tpl on line 277
2015-09-01 1:18:51 - PHP Notice:  Undefined variable: text_payments in /Applications/MAMP/htdocs/nc_supplements/catalog/view/theme/cosmeticcubes/template/common/footer.tpl on line 277
2015-09-01 1:21:36 - PHP Notice:  Undefined variable: text_payments in /Applications/MAMP/htdocs/nc_supplements/catalog/view/theme/cosmeticcubes/template/common/footer.tpl on line 277
2015-09-01 3:18:16 - PHP Notice:  Undefined variable: text_payments in /Applications/MAMP/htdocs/nc_supplements/catalog/view/theme/cosmeticcubes/template/common/footer.tpl on line 277
2015-09-01 3:18:55 - PHP Notice:  Undefined variable: text_payments in /Applications/MAMP/htdocs/nc_supplements/catalog/view/theme/cosmeticcubes/template/common/footer.tpl on line 277
2015-09-01 3:21:14 - PHP Notice:  Undefined variable: text_payments in /Applications/MAMP/htdocs/nc_supplements/catalog/view/theme/cosmeticcubes/template/common/footer.tpl on line 277
2015-09-01 3:28:37 - PHP Notice:  Undefined variable: entry_captcha in /Applications/MAMP/htdocs/nc_supplements/catalog/view/theme/cosmeticcubes/template/product/product.tpl on line 467
2015-09-01 13:37:03 - PHP Notice:  Undefined variable: entry_captcha in /Applications/MAMP/htdocs/nc_supplements/catalog/view/theme/cosmeticcubes/template/information/contact.tpl on line 123
2015-09-01 13:54:11 - PHP Notice:  Undefined variable: entry_captcha in /Applications/MAMP/htdocs/nc_supplements/catalog/view/theme/cosmeticcubes/template/information/contact.tpl on line 123
2015-09-01 14:04:57 - PHP Warning:  session_start(): Cannot send session cache limiter - headers already sent (output started at /Applications/MAMP/htdocs/nc_supplements/vqmod/vqmod.php:233) in /Applications/MAMP/htdocs/nc_supplements/system/library/session.php on line 12
2015-09-01 14:09:40 - PHP Notice:  Undefined variable: entry_captcha in /Applications/MAMP/htdocs/nc_supplements/catalog/view/theme/cosmeticcubes/template/product/product.tpl on line 467
2015-09-01 14:17:47 - PHP Notice:  Undefined variable: entry_captcha in /Applications/MAMP/htdocs/nc_supplements/catalog/view/theme/cosmeticcubes/template/product/product.tpl on line 467
2015-09-01 14:22:23 - PHP Notice:  Undefined variable: entry_captcha in /Applications/MAMP/htdocs/nc_supplements/catalog/view/theme/cosmeticcubes/template/product/product.tpl on line 467
2015-09-01 14:23:14 - PHP Notice:  Undefined variable: entry_captcha in /Applications/MAMP/htdocs/nc_supplements/catalog/view/theme/cosmeticcubes/template/product/product.tpl on line 467
2015-09-01 14:25:56 - PHP Notice:  Undefined variable: entry_captcha in /Applications/MAMP/htdocs/nc_supplements/catalog/view/theme/cosmeticcubes/template/product/product.tpl on line 467
2015-09-01 14:28:44 - PHP Notice:  Undefined variable: entry_captcha in /Applications/MAMP/htdocs/nc_supplements/catalog/view/theme/cosmeticcubes/template/product/product.tpl on line 467
2015-09-01 14:29:16 - PHP Notice:  Undefined variable: entry_captcha in /Applications/MAMP/htdocs/nc_supplements/catalog/view/theme/cosmeticcubes/template/product/product.tpl on line 467
2015-09-01 19:34:22 - PHP Notice:  Undefined variable: entry_captcha in /Applications/MAMP/htdocs/nc_supplements/catalog/view/theme/cosmeticcubes/template/product/product.tpl on line 467
2015-09-01 20:27:15 - PHP Notice:  Undefined variable: entry_captcha in /Applications/MAMP/htdocs/nc_supplements/catalog/view/theme/cosmeticcubes/template/product/product.tpl on line 467
2015-09-01 20:28:56 - PHP Notice:  Undefined variable: entry_captcha in /Applications/MAMP/htdocs/nc_supplements/catalog/view/theme/cosmeticcubes/template/product/product.tpl on line 467
2015-09-01 20:32:44 - PHP Notice:  Undefined variable: entry_captcha in /Applications/MAMP/htdocs/nc_supplements/catalog/view/theme/cosmeticcubes/template/product/product.tpl on line 467
2015-09-01 20:33:06 - PHP Notice:  Undefined variable: entry_captcha in /Applications/MAMP/htdocs/nc_supplements/catalog/view/theme/cosmeticcubes/template/product/product.tpl on line 467
2015-09-01 20:40:10 - PHP Notice:  Undefined variable: entry_captcha in /Applications/MAMP/htdocs/nc_supplements/catalog/view/theme/cosmeticcubes/template/product/product.tpl on line 467
2015-09-01 20:40:40 - PHP Notice:  Undefined variable: entry_captcha in /Applications/MAMP/htdocs/nc_supplements/catalog/view/theme/cosmeticcubes/template/product/product.tpl on line 467
2015-09-02 2:39:40 - PHP Notice:  Undefined variable: entry_captcha in /Applications/MAMP/htdocs/nc_supplements/catalog/view/theme/cosmeticcubes/template/product/product.tpl on line 467
2015-09-02 13:41:54 - PHP Warning:  unlink(/Applications/MAMP/htdocs/nc_supplements/system/cache/cache.currency.1441157980): No such file or directory in /Applications/MAMP/htdocs/nc_supplements/system/library/cache/file.php on line 17
2015-09-02 13:41:59 - PHP Warning:  session_start(): Cannot send session cache limiter - headers already sent (output started at /Applications/MAMP/htdocs/nc_supplements/index.php:115) in /Applications/MAMP/htdocs/nc_supplements/system/library/session.php on line 12
